<?xml version="1.0" encoding="UTF-8"?>
<!-- Generated by org.testng.reporters.JUnitReportReporter -->
<testsuite hostname="MY-PC" name="TestSrcipt.LoginPage" tests="1" failures="0" timestamp="10 Sep 2016 05:52:49 GMT" time="18.749" errors="0">
  <testcase name="salesIN_Login_TC_1" time="18.749" classname="TestSrcipt.LoginPage"/>
</testsuite> <!-- TestSrcipt.LoginPage -->
