<?xml version="1.0" encoding="UTF-8"?>
<!-- Generated by org.testng.reporters.JUnitReportReporter -->
<testsuite hostname="Latitude" name="com.Actouch.DirectInvoiceINV.TestScript.DirectInvoiceNormal" tests="2" failures="0" timestamp="16 Jan 2018 05:09:44 GMT" time="150.161" errors="0">
  <testcase name="DIINV_MultiProduct_TC_16" time="121.887" classname="com.Actouch.DirectInvoiceINV.TestScript.DirectInvoiceNormal"/>
  <testcase name="salesIN_Login_TC_1" time="28.274" classname="com.Actouch.DirectInvoiceINV.TestScript.DirectInvoiceNormal"/>
</testsuite> <!-- com.Actouch.DirectInvoiceINV.TestScript.DirectInvoiceNormal -->
