<?xml version="1.0" encoding="UTF-8"?>
<!-- Generated by org.testng.reporters.JUnitReportReporter -->
<testsuite skipped="0" hostname="MY-PC" name="milselenious.SeleniumDataBaseTesting" tests="1" failures="0" timestamp="8 May 2017 12:32:14 GMT" time="0.499" errors="0">
  <testcase name="getEmployeesFromDataBase" time="0.499" classname="milselenious.SeleniumDataBaseTesting"/>
</testsuite> <!-- milselenious.SeleniumDataBaseTesting -->
