<?xml version="1.0" encoding="UTF-8"?>
<!-- Generated by org.testng.reporters.JUnitReportReporter -->
<testsuite hostname="Latitude" name="com.Actouch.DirectInvoiceINV.TestScript.DirectInvoiceSiteLoc" tests="2" failures="0" timestamp="22 Jan 2018 09:46:18 GMT" time="134.722" errors="0">
  <testcase name="DIINV_Login_TC_1" time="13.468" classname="com.Actouch.DirectInvoiceINV.TestScript.DirectInvoiceSiteLoc"/>
  <testcase name="DIINV_MultiProduct_TC_16" time="121.254" classname="com.Actouch.DirectInvoiceINV.TestScript.DirectInvoiceSiteLoc"/>
</testsuite> <!-- com.Actouch.DirectInvoiceINV.TestScript.DirectInvoiceSiteLoc -->
