<?xml version="1.0" encoding="UTF-8"?>
<!-- Generated by org.testng.reporters.JUnitReportReporter -->
<testsuite skipped="0" hostname="MY-PC" name="com.Actouch.SalesINV.TestSrcipt.SaleOrder" tests="2" failures="0" timestamp="22 Feb 2017 07:08:29 GMT" time="56.611" errors="0">
  <testcase name="salesIN_payltr_TC_2" time="37.455" classname="com.Actouch.SalesINV.TestSrcipt.SaleOrder"/>
  <testcase name="salesIN_Login_TC_1" time="19.156" classname="com.Actouch.SalesINV.TestSrcipt.SaleOrder"/>
</testsuite> <!-- com.Actouch.SalesINV.TestSrcipt.SaleOrder -->
