<?xml version="1.0" encoding="UTF-8"?>
<!-- Generated by org.testng.reporters.JUnitReportReporter -->
<testsuite skipped="0" hostname="MY-PC" name="com.Actouch.Sales.TestSrcipt.SaleOrder" tests="41" failures="0" timestamp="27 Oct 2016 17:10:08 GMT" time="1847.174" errors="0">
  <testcase name="SaleIN_TradeDiscount_TC_34" time="55.522" classname="com.Actouch.Sales.TestSrcipt.SaleOrder"/>
  <testcase name="SaleIN_ShpByTruck_TC_31" time="51.233" classname="com.Actouch.Sales.TestSrcipt.SaleOrder"/>
  <testcase name="SaleIN_ShpByRoad_TC_30" time="50.734" classname="com.Actouch.Sales.TestSrcipt.SaleOrder"/>
  <testcase name="saleIN_Receive_AdvbycashOn_TC_15" time="41.295" classname="com.Actouch.Sales.TestSrcipt.SaleOrder"/>
  <testcase name="SaleIN_Memo_Length_TC_44" time="21.142" classname="com.Actouch.Sales.TestSrcipt.SaleOrder"/>
  <testcase name="SaleIN_Multitax_TC_16" time="47.049" classname="com.Actouch.Sales.TestSrcipt.SaleOrder"/>
  <testcase name="salesIN_payNowByPtty_TC_6" time="44.940" classname="com.Actouch.Sales.TestSrcipt.SaleOrder"/>
  <testcase name="SaleIN_TC_Length_TC_45" time="22.279" classname="com.Actouch.Sales.TestSrcipt.SaleOrder"/>
  <testcase name="salesIN_Login_TC_1" time="18.200" classname="com.Actouch.Sales.TestSrcipt.SaleOrder"/>
  <testcase name="salesIN_payNowByChq_singlechq_TC_4" time="52.606" classname="com.Actouch.Sales.TestSrcipt.SaleOrder"/>
  <testcase name="SaleIN_CashDiscount_INR_TC_33" time="58.783" classname="com.Actouch.Sales.TestSrcipt.SaleOrder"/>
  <testcase name="SaleIN_MUOM_Batchableitem_TC_39" time="55.471" classname="com.Actouch.Sales.TestSrcipt.SaleOrder"/>
  <testcase name="SaleIN_CreditTerm_TC_24" time="55.990" classname="com.Actouch.Sales.TestSrcipt.SaleOrder"/>
  <testcase name="saleIN_Receive_Advbycheque_Shp_TC_13" time="46.303" classname="com.Actouch.Sales.TestSrcipt.SaleOrder"/>
  <testcase name="SaleIN_BatchableItem_TC_38" time="52.519" classname="com.Actouch.Sales.TestSrcipt.SaleOrder"/>
  <testcase name="salesIN_payltr_shpNow_TC_3" time="51.216" classname="com.Actouch.Sales.TestSrcipt.SaleOrder"/>
  <testcase name="SaleIN_MUOM_TC_37" time="46.911" classname="com.Actouch.Sales.TestSrcipt.SaleOrder"/>
  <testcase name="SaleIN_SalesTax_TC_35" time="59.211" classname="com.Actouch.Sales.TestSrcipt.SaleOrder"/>
  <testcase name="SaleIN_MUOMS_TC_40" time="53.526" classname="com.Actouch.Sales.TestSrcipt.SaleOrder"/>
  <testcase name="shipmentLength_TC43" time="16.739" classname="com.Actouch.Sales.TestSrcipt.SaleOrder"/>
  <testcase name="SaleIN_BlankSo_TC_41" time="16.164" classname="com.Actouch.Sales.TestSrcipt.SaleOrder"/>
  <testcase name="SaleIN_WithoutDiscount_TC_19" time="40.204" classname="com.Actouch.Sales.TestSrcipt.SaleOrder"/>
  <testcase name="salesIN_payNowByChq_Multichq_TC_5" time="65.959" classname="com.Actouch.Sales.TestSrcipt.SaleOrder"/>
  <testcase name="saleIN_Receive_AdvbyPtty_shp_TC_11" time="48.899" classname="com.Actouch.Sales.TestSrcipt.SaleOrder"/>
  <testcase name="SaleIN_ShpByRail_TC_27" time="51.919" classname="com.Actouch.Sales.TestSrcipt.SaleOrder"/>
  <testcase name="SaleIN_TDSWith_OtherTax_TC_36" time="42.714" classname="com.Actouch.Sales.TestSrcipt.SaleOrder"/>
  <testcase name="SaleIN_Exclusive_Tax_TC_21" time="44.618" classname="com.Actouch.Sales.TestSrcipt.SaleOrder"/>
  <testcase name="SaleIN_ShpByAir_TC_25" time="40.933" classname="com.Actouch.Sales.TestSrcipt.SaleOrder"/>
  <testcase name="SaleIN_withoutTax_TC_18" time="40.281" classname="com.Actouch.Sales.TestSrcipt.SaleOrder"/>
  <testcase name="salesIN_payltr_TC_2" time="41.681" classname="com.Actouch.Sales.TestSrcipt.SaleOrder"/>
  <testcase name="SaleIN_ShpByCargo_TC_26" time="38.160" classname="com.Actouch.Sales.TestSrcipt.SaleOrder"/>
  <testcase name="SaleIN_ShpByCourier_TC_28" time="51.876" classname="com.Actouch.Sales.TestSrcipt.SaleOrder"/>
  <testcase name="SaleIN_InclusiveTax_TC_20" time="43.916" classname="com.Actouch.Sales.TestSrcipt.SaleOrder"/>
  <testcase name="SaleIN_Tax_Discount_TC_17" time="37.132" classname="com.Actouch.Sales.TestSrcipt.SaleOrder"/>
  <testcase name="saleIN_Receive_AdvbyPtty_TC_12" time="40.986" classname="com.Actouch.Sales.TestSrcipt.SaleOrder"/>
  <testcase name="salesIN_payNowByCashOn_TC_7" time="41.750" classname="com.Actouch.Sales.TestSrcipt.SaleOrder"/>
  <testcase name="SaleIN_BlankDETlevel_TC_42" time="16.848" classname="com.Actouch.Sales.TestSrcipt.SaleOrder"/>
  <testcase name="SaleIN_MultiProduct_TC_22" time="92.759" classname="com.Actouch.Sales.TestSrcipt.SaleOrder"/>
  <testcase name="saleIN_Receive_Advbycheque_TC_14" time="37.224" classname="com.Actouch.Sales.TestSrcipt.SaleOrder"/>
  <testcase name="SaleIN_CashDiscount_Percentage_TC_32" time="56.708" classname="com.Actouch.Sales.TestSrcipt.SaleOrder"/>
  <testcase name="SaleIN_ShpByHand_TC_29" time="54.774" classname="com.Actouch.Sales.TestSrcipt.SaleOrder"/>
</testsuite> <!-- com.Actouch.Sales.TestSrcipt.SaleOrder -->
