<?xml version="1.0" encoding="UTF-8"?>
<!-- Generated by org.testng.reporters.JUnitReportReporter -->
<testsuite hostname="Latitude" name="com.Actouch.SalesINV.TestScript.ShipmentNormal" tests="2" failures="0" timestamp="12 Jan 2018 12:18:24 GMT" time="198.404" errors="0">
  <testcase name="Shp_Multiproduct" time="185.315" classname="com.Actouch.SalesINV.TestScript.ShipmentNormal"/>
  <testcase name="salesIN_Login_TC_1" time="13.089" classname="com.Actouch.SalesINV.TestScript.ShipmentNormal"/>
</testsuite> <!-- com.Actouch.SalesINV.TestScript.ShipmentNormal -->
