<?xml version="1.0" encoding="UTF-8"?>
<!-- Generated by org.testng.reporters.JUnitReportReporter -->
<testsuite hostname="MY-PC" name="TestSrcipt.UserTest" tests="2" failures="0" timestamp="3 Sep 2016 09:51:05 GMT" time="34.355" errors="0">
  <testcase name="SaleIN_BlankSo_TC_42" time="14.625" classname="TestSrcipt.UserTest"/>
  <testcase name="salesIN_Login_TC_1" time="19.730" classname="TestSrcipt.UserTest"/>
</testsuite> <!-- TestSrcipt.UserTest -->
