<?xml version="1.0" encoding="UTF-8"?>
<!-- Generated by org.testng.reporters.JUnitReportReporter -->
<testsuite skipped="0" hostname="MY-PC" name="milselenious.DataCollection" tests="36" failures="0" timestamp="3 Jan 2017 11:14:23 GMT" time="0.125" errors="0">
  <testcase name="testLogin" time="0.000" classname="milselenious.DataCollection"/>
  <testcase name="testLogin" time="0.000" classname="milselenious.DataCollection"/>
  <testcase name="testLogin" time="0.015" classname="milselenious.DataCollection"/>
  <testcase name="testLogin" time="0.000" classname="milselenious.DataCollection"/>
  <testcase name="testLogin" time="0.000" classname="milselenious.DataCollection"/>
  <testcase name="testLogin" time="0.000" classname="milselenious.DataCollection"/>
  <testcase name="testLogin" time="0.000" classname="milselenious.DataCollection"/>
  <testcase name="testLogin" time="0.000" classname="milselenious.DataCollection"/>
  <testcase name="testLogin" time="0.000" classname="milselenious.DataCollection"/>
  <testcase name="testLogin" time="0.000" classname="milselenious.DataCollection"/>
  <testcase name="testLogin" time="0.000" classname="milselenious.DataCollection"/>
  <testcase name="testLogin" time="0.000" classname="milselenious.DataCollection"/>
  <testcase name="testLogin" time="0.000" classname="milselenious.DataCollection"/>
  <testcase name="testLogin" time="0.015" classname="milselenious.DataCollection"/>
  <testcase name="testLogin" time="0.000" classname="milselenious.DataCollection"/>
  <testcase name="testLogin" time="0.016" classname="milselenious.DataCollection"/>
  <testcase name="testLogin" time="0.000" classname="milselenious.DataCollection"/>
  <testcase name="testLogin" time="0.000" classname="milselenious.DataCollection"/>
  <testcase name="testLogin" time="0.016" classname="milselenious.DataCollection"/>
  <testcase name="testLogin" time="0.000" classname="milselenious.DataCollection"/>
  <testcase name="testLogin" time="0.000" classname="milselenious.DataCollection"/>
  <testcase name="testLogin" time="0.000" classname="milselenious.DataCollection"/>
  <testcase name="testLogin" time="0.000" classname="milselenious.DataCollection"/>
  <testcase name="testLogin" time="0.000" classname="milselenious.DataCollection"/>
  <testcase name="testLogin" time="0.000" classname="milselenious.DataCollection"/>
  <testcase name="testLogin" time="0.016" classname="milselenious.DataCollection"/>
  <testcase name="testLogin" time="0.000" classname="milselenious.DataCollection"/>
  <testcase name="testLogin" time="0.000" classname="milselenious.DataCollection"/>
  <testcase name="testLogin" time="0.016" classname="milselenious.DataCollection"/>
  <testcase name="testLogin" time="0.000" classname="milselenious.DataCollection"/>
  <testcase name="testLogin" time="0.000" classname="milselenious.DataCollection"/>
  <testcase name="testLogin" time="0.016" classname="milselenious.DataCollection"/>
  <testcase name="testLogin" time="0.015" classname="milselenious.DataCollection"/>
  <testcase name="testLogin" time="0.000" classname="milselenious.DataCollection"/>
  <testcase name="testLogin" time="0.000" classname="milselenious.DataCollection"/>
  <testcase name="testLogin" time="0.000" classname="milselenious.DataCollection"/>
</testsuite> <!-- milselenious.DataCollection -->
