<?xml version="1.0" encoding="UTF-8"?>
<!-- Generated by org.testng.reporters.JUnitReportReporter -->
<testsuite hostname="Latitude" name="com.Actouch.SalesINV.TestScript.SalesOrderSite" tests="2" failures="0" timestamp="24 Jan 2018 11:36:09 GMT" time="129.528" errors="0">
  <testcase name="SaleIN_MultiProduct_TC_22" time="117.367" classname="com.Actouch.SalesINV.TestScript.SalesOrderSite"/>
  <testcase name="salesIN_Login_TC_1" time="12.161" classname="com.Actouch.SalesINV.TestScript.SalesOrderSite"/>
</testsuite> <!-- com.Actouch.SalesINV.TestScript.SalesOrderSite -->
