<?xml version="1.0" encoding="UTF-8"?>
<!-- Generated by org.testng.reporters.JUnitReportReporter -->
<testsuite skipped="0" hostname="MY-PC" name="com.Actouch.SalesINV.TestSrcipt.Shipment" tests="2" failures="0" timestamp="22 Feb 2017 07:28:55 GMT" time="79.483" errors="0">
  <testcase name="salesIN_Login_TC_1" time="17.350" classname="com.Actouch.SalesINV.TestSrcipt.Shipment"/>
  <testcase name="Shp_Full_Tax_TC_7" time="62.133" classname="com.Actouch.SalesINV.TestSrcipt.Shipment"/>
</testsuite> <!-- com.Actouch.SalesINV.TestSrcipt.Shipment -->
