<?xml version="1.0" encoding="UTF-8"?>
<!-- Generated by org.testng.reporters.JUnitReportReporter -->
<testsuite skipped="0" hostname="MY-PC" name="com.Actouch.Sales.TestSrcipt.Receivable" tests="2" failures="0" timestamp="4 Nov 2016 07:11:51 GMT" time="97.623" errors="0">
  <testcase name="AR_Partial_Recevable_Cash_TC_2" time="75.992" classname="com.Actouch.Sales.TestSrcipt.Receivable"/>
  <testcase name="salesIN_Login_TC_1" time="21.631" classname="com.Actouch.Sales.TestSrcipt.Receivable"/>
</testsuite> <!-- com.Actouch.Sales.TestSrcipt.Receivable -->
