<?xml version="1.0" encoding="UTF-8"?>
<!-- Generated by org.testng.reporters.JUnitReportReporter -->
<testsuite hostname="MY-PC" name="TestSrcipt.SaleOrder" tests="2" failures="0" timestamp="10 Sep 2016 12:58:42 GMT" time="73.248" errors="0">
  <testcase name="SaleIN_CreditTerm_TC_24" time="50.637" classname="TestSrcipt.SaleOrder"/>
  <testcase name="salesIN_Login_TC_1" time="22.611" classname="TestSrcipt.SaleOrder"/>
</testsuite> <!-- TestSrcipt.SaleOrder -->
