<?xml version="1.0" encoding="UTF-8"?>
<!-- Generated by org.testng.reporters.JUnitReportReporter -->
<testsuite skipped="0" hostname="MY-PC" name="com.Actouch.Sales.TestSrcipt.SalesReturns" tests="2" failures="0" timestamp="19 Oct 2016 11:49:04 GMT" time="83.317" errors="0">
  <testcase name="salesIN_Login_TC_1" time="18.798" classname="com.Actouch.Sales.TestSrcipt.SalesReturns"/>
  <testcase name="SR_ShippingCharges_tax_TC_15" time="64.519" classname="com.Actouch.Sales.TestSrcipt.SalesReturns"/>
</testsuite> <!-- com.Actouch.Sales.TestSrcipt.SalesReturns -->
