<?xml version="1.0" encoding="UTF-8"?>
<!-- Generated by org.testng.reporters.JUnitReportReporter -->
<testsuite skipped="0" hostname="MY-PC" name="com.Actouch.DirectReceiptSRV.TestScript.DirectReceiptSRV" tests="5" failures="0" timestamp="30 May 2017 13:16:34 GMT" time="85.137" errors="0">
  <testcase name="DRINV_Login_TC_1" time="19.229" classname="com.Actouch.DirectReceiptSRV.TestScript.DirectReceiptSRV"/>
  <testcase name="DRSRV_payltr_TC_2" time="21.155" classname="com.Actouch.DirectReceiptSRV.TestScript.DirectReceiptSRV"/>
  <testcase name="DRSRV_payltr_TC_2" time="22.724" classname="com.Actouch.DirectReceiptSRV.TestScript.DirectReceiptSRV"/>
  <testcase name="DRSRV_payltr_TC_2" time="22.013" classname="com.Actouch.DirectReceiptSRV.TestScript.DirectReceiptSRV"/>
  <testcase name="DRSRV_payNowByChq_singlechq_TC_3" time="0.016" classname="com.Actouch.DirectReceiptSRV.TestScript.DirectReceiptSRV"/>
</testsuite> <!-- com.Actouch.DirectReceiptSRV.TestScript.DirectReceiptSRV -->
