<?xml version="1.0" encoding="UTF-8"?>
<!-- Generated by org.testng.reporters.JUnitReportReporter -->
<testsuite skipped="0" hostname="Latitude" name="milselenious.check" tests="1" failures="0" timestamp="26 Jul 2017 11:32:49 GMT" time="12.931" errors="0">
  <testcase name="heck" time="12.931" classname="milselenious.check"/>
</testsuite> <!-- milselenious.check -->
