<?xml version="1.0" encoding="UTF-8"?>
<!-- Generated by org.testng.reporters.JUnitReportReporter -->
<testsuite hostname="Latitude" name="com.Actouch.SalesINV.TestScript.ShipmentSiteLoc" tests="2" failures="0" timestamp="22 Jan 2018 09:35:34 GMT" time="192.574" errors="0">
  <testcase name="salesIN_Login_TC_1" time="11.304" classname="com.Actouch.SalesINV.TestScript.ShipmentSiteLoc"/>
  <testcase name="Shp_Multiproduct" time="181.270" classname="com.Actouch.SalesINV.TestScript.ShipmentSiteLoc"/>
</testsuite> <!-- com.Actouch.SalesINV.TestScript.ShipmentSiteLoc -->
