<?xml version="1.0" encoding="UTF-8"?>
<!-- Generated by org.testng.reporters.JUnitReportReporter -->
<testsuite hostname="Latitude" name="com.Actouch.SalesINV.TestScript.ShipmentSite" tests="2" failures="0" timestamp="13 Jan 2018 12:40:38 GMT" time="192.925" errors="0">
  <testcase name="salesIN_Login_TC_1" time="11.871" classname="com.Actouch.SalesINV.TestScript.ShipmentSite"/>
  <testcase name="Shp_Multiproduct" time="181.054" classname="com.Actouch.SalesINV.TestScript.ShipmentSite"/>
</testsuite> <!-- com.Actouch.SalesINV.TestScript.ShipmentSite -->
