<?xml version="1.0" encoding="UTF-8"?>
<!-- Generated by org.testng.reporters.JUnitReportReporter -->
<testsuite hostname="Latitude" name="com.Actouch.SalesINV.TestScript.SalesOrderSiteLocation$SaleOrderLocation" tests="2" failures="0" timestamp="16 Jan 2018 07:18:52 GMT" time="45.573" errors="0">
  <testcase name="salesIN_Login_TC_1" time="12.726" classname="com.Actouch.SalesINV.TestScript.SalesOrderSiteLocation$SaleOrderLocation"/>
  <testcase name="salesIN_payltr_TC_2" time="32.847" classname="com.Actouch.SalesINV.TestScript.SalesOrderSiteLocation$SaleOrderLocation"/>
</testsuite> <!-- com.Actouch.SalesINV.TestScript.SalesOrderSiteLocation$SaleOrderLocation -->
