<?xml version="1.0" encoding="UTF-8"?>
<!-- Generated by org.testng.reporters.JUnitReportReporter -->
<testsuite hostname="MY-PC" name="TestSrcipt.Shipment" tests="2" failures="0" timestamp="10 Sep 2016 12:43:29 GMT" time="69.305" errors="0">
  <testcase name="Shp_roundOff_TC_13" time="48.857" classname="TestSrcipt.Shipment"/>
  <testcase name="salesIN_Login_TC_1" time="20.448" classname="TestSrcipt.Shipment"/>
</testsuite> <!-- TestSrcipt.Shipment -->
