<?xml version="1.0" encoding="UTF-8"?>
<!-- Generated by org.testng.reporters.JUnitReportReporter -->
<testsuite hostname="Latitude" name="com.Actouch.SalesINV.TestScript.SalesOrderSiteLocation" tests="2" failures="0" timestamp="24 Jan 2018 11:49:04 GMT" time="133.369" errors="0">
  <testcase name="SaleIN_MultiProduct_TC_22" time="121.055" classname="com.Actouch.SalesINV.TestScript.SalesOrderSiteLocation"/>
  <testcase name="salesIN_Login_TC_1" time="12.314" classname="com.Actouch.SalesINV.TestScript.SalesOrderSiteLocation"/>
</testsuite> <!-- com.Actouch.SalesINV.TestScript.SalesOrderSiteLocation -->
