<?xml version="1.0" encoding="UTF-8"?>
<!-- Generated by org.testng.reporters.JUnitReportReporter -->
<testsuite hostname="Latitude" name="com.Actouch.SalesINVNorm.pageObjectRepository.ShpMultiProduct" tests="1" failures="0" timestamp="11 Jan 2018 11:34:03 GMT" time="13.206" errors="0">
  <testcase name="salesIN_Login_TC_1" time="13.206" classname="com.Actouch.SalesINVNorm.pageObjectRepository.ShpMultiProduct"/>
</testsuite> <!-- com.Actouch.SalesINVNorm.pageObjectRepository.ShpMultiProduct -->
