<?xml version="1.0" encoding="UTF-8"?>
<!-- Generated by org.testng.reporters.JUnitReportReporter -->
<testsuite skipped="12" hostname="MY-PC" name="com.Actouch.DirectReceiptINV.Testscript.DirectRecept" tests="12" failures="0" timestamp="5 May 2017 10:31:10 GMT" time="0.000" errors="0">
  <testcase name="DRINV_Memo_Length_TC_26" time="0.000" classname="com.Actouch.DirectReceiptINV.Testscript.DirectRecept">
    <skipped/>
  </testcase> <!-- DRINV_Memo_Length_TC_26 -->
  <testcase name="DRINV_MultiCurrency_TC_29" time="0.000" classname="com.Actouch.DirectReceiptINV.Testscript.DirectRecept">
    <skipped/>
  </testcase> <!-- DRINV_MultiCurrency_TC_29 -->
  <testcase name="DRINV_BatchableItem_TC_22" time="0.000" classname="com.Actouch.DirectReceiptINV.Testscript.DirectRecept">
    <skipped/>
  </testcase> <!-- DRINV_BatchableItem_TC_22 -->
  <testcase name="DRINV_VehicleDetail_TC_32" time="0.000" classname="com.Actouch.DirectReceiptINV.Testscript.DirectRecept">
    <skipped/>
  </testcase> <!-- DRINV_VehicleDetail_TC_32 -->
  <testcase name="DRINV_MUOM_TC_21" time="0.000" classname="com.Actouch.DirectReceiptINV.Testscript.DirectRecept">
    <skipped/>
  </testcase> <!-- DRINV_MUOM_TC_21 -->
  <testcase name="DRINV_InclusiveTax_TC_12" time="0.000" classname="com.Actouch.DirectReceiptINV.Testscript.DirectRecept">
    <skipped/>
  </testcase> <!-- DRINV_InclusiveTax_TC_12 -->
  <testcase name="DRINV_CashDiscount_Percentage_TC_16" time="0.000" classname="com.Actouch.DirectReceiptINV.Testscript.DirectRecept">
    <skipped/>
  </testcase> <!-- DRINV_CashDiscount_Percentage_TC_16 -->
  <testcase name="DRINV_ShipCharge_TC_30" time="0.000" classname="com.Actouch.DirectReceiptINV.Testscript.DirectRecept">
    <skipped/>
  </testcase> <!-- DRINV_ShipCharge_TC_30 -->
  <testcase name="DRINV_ShipTax_TC_31" time="0.000" classname="com.Actouch.DirectReceiptINV.Testscript.DirectRecept">
    <skipped/>
  </testcase> <!-- DRINV_ShipTax_TC_31 -->
  <testcase name="DRINV_Roundoff_TC_33" time="0.000" classname="com.Actouch.DirectReceiptINV.Testscript.DirectRecept">
    <skipped/>
  </testcase> <!-- DRINV_Roundoff_TC_33 -->
  <testcase name="DRINV_MUOM_Batchableitem_TC_23" time="0.000" classname="com.Actouch.DirectReceiptINV.Testscript.DirectRecept">
    <skipped/>
  </testcase> <!-- DRINV_MUOM_Batchableitem_TC_23 -->
  <testcase name="DRINV_RecieptMode_TC_15" time="0.000" classname="com.Actouch.DirectReceiptINV.Testscript.DirectRecept">
    <skipped/>
  </testcase> <!-- DRINV_RecieptMode_TC_15 -->
</testsuite> <!-- com.Actouch.DirectReceiptINV.Testscript.DirectRecept -->
